[2017-02-16 23:51:26] START
[2017-02-23 00:16:45] EDIT Authtest/controllers/default.py: 0
[2017-02-23 00:16:59] EDIT Authtest/controllers/default.py: 1
[2017-02-23 00:17:07] EDIT Authtest/controllers/default.py: 0
[2017-02-23 00:17:15] EDIT Authtest/controllers/default.py: 0
[2017-02-23 00:18:52] EDIT Authtest/controllers/default.py: -1
[2017-02-23 00:18:56] EDIT Authtest/controllers/default.py: 0
[2017-02-23 00:22:43] EDIT Authtest/controllers/default.py: 0
[2017-02-23 00:23:02] EDIT Authtest/controllers/default.py: 0
[2017-02-23 00:23:35] EDIT Authtest/controllers/default.py: 0
[2017-02-23 00:24:07] EDIT Authtest/controllers/default.py: 0
[2017-02-23 00:24:43] EDIT Authtest/controllers/default.py: 0
[2017-02-23 00:24:46] EDIT Authtest/controllers/default.py: 0
[2017-02-23 09:58:46] EDIT Authtest/controllers/default.py: 0
[2017-02-23 10:20:50] EDIT Authtest/models/db.py: 0
[2017-02-23 10:21:41] EDIT Authtest/controllers/default.py: 3
[2017-02-23 10:21:58] EDIT Authtest/controllers/default.py: -1
[2017-02-23 10:22:06] EDIT Authtest/models/db.py: 1
[2017-02-23 10:22:17] EDIT Authtest/models/db.py: 0
[2017-02-23 10:22:54] EDIT Authtest/models/db.py: 0
[2017-02-23 10:23:08] EDIT Authtest/controllers/default.py: 0
[2017-02-23 10:23:34] EDIT Authtest/controllers/default.py: 1
[2017-02-23 10:23:36] EDIT Authtest/controllers/default.py: 0
[2017-02-23 10:23:36] EDIT Authtest/controllers/default.py: 0
[2017-02-23 10:24:05] EDIT Authtest/controllers/default.py: -1
[2017-02-23 10:24:30] EDIT Authtest/controllers/default.py: 0
[2017-02-23 10:25:46] EDIT Authtest/controllers/default.py: -2
[2017-02-23 10:25:48] EDIT Authtest/controllers/default.py: 0
[2017-02-23 10:25:54] EDIT Authtest/views/default/index.html: 0
[2017-02-23 10:31:04] EDIT Authtest/views/default/index.html: 2
[2017-02-23 10:31:25] EDIT Authtest/controllers/default.py: 1
[2017-02-23 10:31:36] EDIT Authtest/views/default/index.html: 0
[2017-02-23 10:31:57] EDIT Authtest/controllers/default.py: 1
[2017-02-23 10:33:12] EDIT Authtest/controllers/default.py: -2
[2017-02-23 10:34:22] EDIT Authtest/controllers/default.py: -10
[2017-02-23 10:34:36] EDIT Authtest/controllers/default.py: 0
[2017-02-23 10:35:33] EDIT Authtest/controllers/default.py: 0
[2017-02-23 10:36:02] EDIT Authtest/views/default/index.html: -28
[2017-02-23 10:40:08] EDIT Authtest/controllers/default.py: 0
[2017-02-23 10:40:55] EDIT Authtest/views/default/index.html: 0
[2017-02-23 10:41:17] EDIT Authtest/views/default/index.html: 0
[2017-02-23 10:42:33] EDIT Authtest/views/default/index.html: 0
[2017-02-23 10:43:11] EDIT Authtest/views/default/index.html: 0
[2017-02-23 10:44:16] EDIT Authtest/controllers/default.py: 1
[2017-02-23 10:44:21] EDIT Authtest/controllers/default.py: 0
[2017-02-23 10:44:31] EDIT Authtest/controllers/default.py: 1
[2017-02-23 10:44:37] EDIT Authtest/controllers/default.py: 0
[2017-02-23 10:44:51] EDIT Authtest/views/default/index.html: 0
[2017-02-23 10:45:26] EDIT Authtest/controllers/default.py: -4
[2017-02-23 10:45:39] EDIT Authtest/controllers/default.py: 0
[2017-02-23 10:46:45] EDIT Authtest/controllers/default.py: 0
[2017-02-23 10:46:50] EDIT Authtest/controllers/default.py: 0
[2017-02-23 10:46:59] EDIT Authtest/views/default/index.html: 0
[2017-02-23 10:48:21] EDIT Authtest/views/default/index.html: 0
[2017-02-23 10:48:28] EDIT Authtest/views/default/index.html: 0
[2017-02-23 10:48:32] EDIT Authtest/views/default/index.html: 0
[2017-02-23 10:49:40] EDIT Authtest/controllers/default.py: 0
[2017-02-23 10:49:52] EDIT Authtest/controllers/default.py: 0
[2017-02-23 10:49:59] EDIT Authtest/controllers/default.py: 0
[2017-02-23 10:50:08] EDIT Authtest/controllers/default.py: 0
[2017-02-23 10:50:18] EDIT Authtest/controllers/default.py: 0
[2017-02-23 10:50:24] EDIT Authtest/controllers/default.py: 0
[2017-02-23 10:50:31] EDIT Authtest/controllers/default.py: 0
[2017-02-23 10:50:36] EDIT Authtest/controllers/default.py: 0
[2017-02-23 10:50:56] EDIT Authtest/views/default/create_post.html: 0
[2017-02-23 10:53:47] EDIT Authtest/views/default/index.html: 5
[2017-02-23 10:54:39] EDIT Authtest/views/default/index.html: 0
[2017-02-23 10:55:06] EDIT Authtest/controllers/default.py: 1
[2017-02-23 10:55:37] EDIT Authtest/controllers/default.py: 0
[2017-02-23 10:56:09] EDIT Authtest/views/default/index.html: 0
[2017-02-23 10:56:31] EDIT Authtest/views/default/index.html: 1
[2017-02-23 10:56:54] EDIT Authtest/views/default/index.html: 0
[2017-02-23 10:57:45] EDIT Authtest/views/default/index.html: 0
[2017-02-23 10:58:53] EDIT Authtest/controllers/default.py: 0
[2017-02-23 10:59:05] EDIT Authtest/controllers/default.py: 0
[2017-02-23 10:59:11] EDIT Authtest/controllers/default.py: 1
[2017-02-23 10:59:12] EDIT Authtest/controllers/default.py: 0
[2017-02-23 10:59:39] EDIT Authtest/controllers/default.py: 0
[2017-02-23 11:00:43] EDIT Authtest/controllers/default.py: -2
[2017-02-23 11:01:06] EDIT Authtest/views/default/index.html: 1
[2017-02-23 11:01:26] EDIT Authtest/views/default/index.html: 1
[2017-02-23 11:08:55] EDIT Authtest/views/default/index.html: -1
[2017-02-23 11:12:47] EDIT Authtest/views/default/index.html: 0
[2017-02-23 11:14:13] EDIT Authtest/controllers/default.py: 2
[2017-02-23 11:14:59] EDIT Authtest/controllers/default.py: 7
[2017-02-23 11:15:08] EDIT Authtest/controllers/default.py: 1
[2017-02-23 11:15:43] EDIT Authtest/controllers/default.py: 0
[2017-02-23 11:16:59] EDIT Authtest/controllers/default.py: 0
[2017-02-23 11:17:37] EDIT Authtest/views/default/index.html: 0
[2017-02-23 11:17:52] EDIT Authtest/views/default/index.html: 0
[2017-02-23 11:18:20] EDIT Authtest/views/default/index.html: 0
[2017-02-23 11:18:42] EDIT Authtest/views/default/index.html: 2
[2017-02-23 11:18:56] EDIT Authtest/views/default/index.html: 0
[2017-02-23 11:19:11] EDIT Authtest/views/default/index.html: 0
[2017-02-23 11:20:03] EDIT Authtest/controllers/default.py: -9
[2017-02-23 11:22:49] EDIT Authtest/models/db.py: 1
[2017-02-23 11:23:30] EDIT Authtest/controllers/default.py: -1
[2017-02-23 11:23:56] EDIT Authtest/views/default/index.html: -3
[2017-02-23 11:24:14] EDIT Authtest/views/default/index.html: 0
[2017-02-23 11:24:41] EDIT Authtest/views/default/index.html: 1
[2017-02-23 11:25:53] EDIT Authtest/controllers/default.py: 2
[2017-02-23 11:25:58] EDIT Authtest/controllers/default.py: 0
[2017-02-23 11:26:29] EDIT Authtest/views/default/index.html: -2
[2017-02-23 11:29:49] EDIT Authtest/views/default/index.html: 1
[2017-02-23 11:32:47] EDIT Authtest/controllers/default.py: 0
[2017-02-23 11:35:11] EDIT Authtest/views/default/index.html: 1
[2017-02-23 11:35:31] EDIT Authtest/views/default/index.html: 1
[2017-02-23 11:35:43] EDIT Authtest/controllers/default.py: 0
[2017-02-23 11:35:47] EDIT Authtest/controllers/default.py: -2
[2017-02-23 11:36:36] EDIT Authtest/views/default/index.html: 0
[2017-02-23 11:37:20] EDIT Authtest/views/default/index.html: 0
[2017-02-23 11:37:26] EDIT Authtest/views/default/index.html: 0
[2017-02-23 11:37:28] EDIT Authtest/views/default/index.html: 0
[2017-02-23 11:38:20] EDIT Authtest/views/default/index.html: 0
[2017-02-23 11:38:22] EDIT Authtest/views/default/index.html: 0
[2017-02-23 11:39:22] EDIT Authtest/views/default/index.html: 1
[2017-02-23 11:39:43] EDIT Authtest/views/default/index.html: 0
[2017-02-23 11:40:00] EDIT Authtest/views/default/index.html: 0
[2017-02-23 11:40:25] EDIT Authtest/views/default/index.html: 0
[2017-02-23 11:40:44] EDIT Authtest/views/default/index.html: 0
[2017-02-23 11:40:49] EDIT Authtest/views/default/index.html: -1
[2017-02-23 11:42:59] EDIT Authtest/views/default/index.html: 1
[2017-02-23 11:43:06] EDIT Authtest/views/default/index.html: 0
[2017-02-23 11:43:22] EDIT Authtest/views/default/index.html: 0
[2017-02-23 11:43:36] EDIT Authtest/views/default/index.html: 1
[2017-02-23 11:43:38] EDIT Authtest/views/default/index.html: 0
[2017-02-23 11:44:02] EDIT Authtest/views/default/index.html: 0
[2017-02-23 11:44:13] EDIT Authtest/views/default/index.html: 0
[2017-02-23 20:12:21] EDIT Authtest/views/default/index.html: 0
[2017-02-23 20:12:35] EDIT Authtest/views/default/index.html: 0
[2017-02-23 20:13:32] EDIT Authtest/views/default/index.html: 0
[2017-02-23 20:13:35] EDIT Authtest/views/default/index.html: 0
[2017-02-23 20:13:51] EDIT Authtest/views/default/index.html: 0
[2017-02-23 20:14:02] EDIT Authtest/views/default/index.html: 0
[2017-02-23 20:14:19] EDIT Authtest/views/default/index.html: -1
[2017-02-23 20:14:42] EDIT Authtest/views/default/index.html: 0
[2017-02-23 20:16:53] EDIT Authtest/views/default/index.html: 0
[2017-02-23 20:17:07] EDIT Authtest/views/default/index.html: 0
[2017-02-23 20:17:45] EDIT Authtest/views/default/index.html: 0
[2017-02-23 20:18:20] EDIT Authtest/views/default/index.html: 0
[2017-02-23 20:18:27] EDIT Authtest/views/default/index.html: 0
[2017-02-23 20:21:44] EDIT Authtest/views/default/index.html: 0
[2017-02-23 20:22:17] EDIT Authtest/views/default/index.html: 0
[2017-02-23 20:22:29] EDIT Authtest/views/default/index.html: 0
[2017-02-23 20:23:51] EDIT Authtest/views/default/index.html: 0
[2017-02-23 20:24:27] EDIT Authtest/views/default/index.html: 0
[2017-02-23 20:24:56] EDIT Authtest/views/default/index.html: 0
[2017-02-23 20:35:10] EDIT Authtest/controllers/default.py: 7
[2017-02-23 20:35:18] EDIT Authtest/controllers/default.py: 1
[2017-02-23 20:35:20] EDIT Authtest/controllers/default.py: 0
[2017-02-23 20:35:34] EDIT Authtest/controllers/default.py: 0
[2017-02-23 20:35:45] EDIT Authtest/controllers/default.py: 0
[2017-02-23 20:36:41] EDIT Authtest/models/db.py: -2
[2017-03-05 10:56:59] EDIT janet/views/default/index.html: 1
[2017-03-05 10:58:31] EDIT janet/views/default/index.html: 0
[2017-03-05 11:00:09] EDIT janet/views/default/index.html: 0
[2017-03-05 11:00:18] EDIT janet/views/default/index.html: 0
[2017-03-05 11:02:09] EDIT janet/controllers/default.py: 1
[2017-03-05 11:02:14] EDIT janet/controllers/default.py: 0
[2017-03-05 11:03:45] EDIT janet/controllers/default.py: -1
[2017-03-05 11:04:51] EDIT janet/controllers/default.py: 0
[2017-03-05 11:05:26] EDIT janet/controllers/default.py: 2
[2017-03-05 11:06:30] EDIT janet/controllers/default.py: 3
[2017-03-05 11:06:33] EDIT janet/controllers/default.py: 0
[2017-03-05 11:06:39] EDIT janet/controllers/default.py: 0
[2017-03-05 11:06:39] EDIT janet/controllers/default.py: 0
[2017-03-05 11:06:43] EDIT janet/controllers/default.py: 0
[2017-03-05 11:07:12] EDIT janet/views/default/index.html: -1
[2017-03-05 11:09:26] EDIT janet/views/default/index.html: 1
[2017-03-05 11:09:30] EDIT janet/views/default/index.html: 0
[2017-03-05 11:11:21] EDIT janet/static/css/main.css: 4
[2017-03-05 11:11:42] EDIT janet/views/default/index.html: 1
[2017-03-05 11:12:05] EDIT janet/static/css/main.css: 0
[2017-03-05 11:13:13] EDIT janet/static/css/main.css: 0
[2017-03-05 11:27:49] EDIT janet/views/default/index.html: 4
[2017-03-05 11:28:25] EDIT janet/views/default/index.html: 2
[2017-03-05 11:28:46] EDIT janet/static/css/main.css: 3
[2017-03-05 11:28:59] EDIT janet/static/css/main.css: -1
[2017-03-05 11:30:59] EDIT janet/static/css/main.css: 7
[2017-03-05 11:31:32] EDIT janet/static/css/main.css: 3
[2017-03-05 11:34:10] EDIT janet/static/css/main.css: 2
[2017-03-05 11:34:14] EDIT janet/static/css/main.css: 0
[2017-03-05 11:34:18] EDIT janet/static/css/main.css: -1
[2017-03-05 11:34:26] EDIT janet/views/default/index.html: -2
[2017-03-05 11:37:42] EDIT janet/views/default/index.html: 2
[2017-03-05 11:38:02] EDIT janet/views/default/index.html: 1
[2017-03-05 11:38:12] EDIT janet/views/default/index.html: 0
[2017-03-05 11:38:28] EDIT janet/views/default/index.html: 1
[2017-03-05 11:38:58] EDIT janet/static/css/main.css: 2
[2017-03-05 11:39:53] EDIT janet/static/css/main.css: 2
[2017-03-05 11:40:07] EDIT janet/static/css/main.css: 0
[2017-03-05 11:40:27] EDIT janet/static/css/main.css: 1
[2017-03-05 11:40:43] EDIT janet/static/css/main.css: -1
[2017-03-05 11:40:50] EDIT janet/static/css/main.css: 0
[2017-03-05 11:41:04] EDIT janet/static/css/main.css: 0
[2017-03-05 11:41:34] EDIT janet/views/default/index.html: -1
[2017-03-05 11:42:10] EDIT janet/views/default/index.html: 2
[2017-03-05 11:42:35] EDIT janet/static/css/main.css: 2
[2017-03-05 11:42:51] EDIT janet/static/css/main.css: 1
[2017-03-05 11:43:32] EDIT janet/views/default/index.html: 0
[2017-03-05 11:43:45] EDIT janet/views/default/index.html: 0
[2017-03-05 11:44:10] EDIT janet/views/default/index.html: 0
[2017-03-05 11:44:31] EDIT janet/views/default/index.html: 0
[2017-03-05 11:44:44] EDIT janet/static/css/main.css: 0
[2017-03-05 11:44:52] EDIT janet/static/css/main.css: -1
[2017-03-05 11:45:13] EDIT janet/static/css/main.css: -1
[2017-03-05 11:45:52] EDIT janet/static/css/main.css: 1
[2017-03-05 11:46:11] EDIT janet/static/css/main.css: 0
[2017-03-05 11:46:27] EDIT janet/static/css/main.css: -1
[2017-03-05 11:46:45] EDIT janet/views/default/index.html: 0
[2017-03-05 11:47:15] EDIT janet/static/css/main.css: 1
[2017-03-05 11:47:35] EDIT janet/static/css/main.css: 1
[2017-03-05 11:48:04] EDIT janet/static/css/main.css: -1
[2017-03-05 11:48:23] EDIT janet/static/css/main.css: 1
[2017-03-05 11:48:53] EDIT janet/static/css/main.css: 0
[2017-03-05 11:49:02] EDIT janet/static/css/main.css: 1
[2017-03-05 11:49:19] EDIT janet/static/css/main.css: 1
[2017-03-05 11:49:37] EDIT janet/static/css/main.css: -1
[2017-03-05 11:49:57] EDIT janet/static/css/main.css: 0
[2017-03-05 11:50:25] EDIT janet/views/default/index.html: 0
[2017-03-05 11:51:21] EDIT janet/static/css/main.css: 0
[2017-03-05 11:52:40] EDIT janet/static/css/main.css: 1
[2017-03-05 11:52:52] EDIT janet/static/css/main.css: 0
[2017-03-05 11:52:58] EDIT janet/static/css/main.css: 0
[2017-03-05 11:53:08] EDIT janet/static/css/main.css: 0
[2017-03-05 11:53:14] EDIT janet/static/css/main.css: 0
[2017-03-05 11:53:16] EDIT janet/static/css/main.css: 0
[2017-03-05 11:53:57] EDIT janet/static/css/main.css: 1
[2017-03-05 11:55:23] EDIT janet/static/css/main.css: -1
[2017-03-05 11:55:46] EDIT janet/static/css/main.css: 0
[2017-03-05 11:56:09] EDIT janet/static/css/main.css: 1
[2017-03-05 11:56:18] EDIT janet/static/css/main.css: 0
[2017-03-05 11:56:36] EDIT janet/static/css/main.css: 1
[2017-03-05 11:56:43] EDIT janet/static/css/main.css: 0
[2017-03-05 11:56:52] EDIT janet/static/css/main.css: 1
[2017-03-05 15:56:19] EDIT janet/views/default/edit_post.html: 2
[2017-03-05 15:57:08] EDIT janet/views/default/edit_post.html: 2
[2017-03-05 15:57:40] EDIT janet/views/default/edit_post.html: 0
[2017-03-05 15:58:02] EDIT janet/views/default/edit_post.html: 0
[2017-03-05 15:58:11] EDIT janet/views/default/edit_post.html: 0
[2017-03-05 15:58:41] EDIT janet/views/default/edit_post.html: 2
[2017-03-05 15:59:07] EDIT janet/static/css/main.css: 1
[2017-03-05 16:00:01] EDIT janet/views/default/edit_post.html: 2
[2017-03-05 16:00:36] EDIT janet/static/css/main.css: 1
[2017-03-05 16:01:21] EDIT janet/views/default/edit_post.html: 0
[2017-03-05 16:01:35] EDIT janet/static/css/main.css: 0
[2017-03-05 16:01:50] EDIT janet/static/css/main.css: 7
[2017-03-05 16:01:56] EDIT janet/static/css/main.css: -1
[2017-03-05 16:02:08] EDIT janet/static/css/main.css: 0
[2017-03-05 16:02:32] EDIT janet/views/default/create_post.html: 2
[2017-03-05 16:02:53] EDIT janet/views/default/create_post.html: 2
[2017-03-05 16:02:56] EDIT janet/views/default/create_post.html: 0
[2017-03-05 16:03:34] EDIT janet/views/default/create_post.html: 3
[2017-03-05 16:03:40] EDIT janet/views/default/create_post.html: 1
[2017-03-05 16:05:16] EDIT janet/static/css/main.css: 3
[2017-03-05 16:05:28] EDIT janet/static/css/main.css: 0
[2017-03-05 16:05:38] EDIT janet/static/css/main.css: -3
[2017-03-05 16:07:34] EDIT janet/views/default/index.html: 0
[2017-03-05 16:07:38] EDIT janet/views/default/index.html: 0
[2017-03-06 16:06:18] EDIT janethw3/views/default/index.html: -5
[2017-03-06 16:10:01] EDIT janethw3/views/default/edit.html: -3
[2017-03-06 16:12:15] EDIT janethw3/views/default/index.html: -1
[2017-03-06 16:15:04] EDIT janethw3/static/css/main.css: 2
[2017-03-06 16:15:41] EDIT janethw3/static/css/main.css: 0
[2017-03-06 16:16:20] EDIT janethw3/static/css/main.css: 0
[2017-03-06 16:17:21] EDIT janethw3/static/css/main.css: 0
[2017-03-06 16:18:30] EDIT janethw3/views/default/index.html: 0
[2017-03-06 16:19:36] EDIT janethw3/views/default/index.html: 0
[2017-03-06 16:20:51] EDIT janethw3/views/default/index.html: 0
[2017-03-06 16:20:57] EDIT janethw3/views/default/index.html: 0
[2017-03-06 16:21:00] EDIT janethw3/views/default/index.html: 0
[2017-03-06 16:21:25] EDIT janethw3/views/default/index.html: 0
[2017-03-06 16:21:49] EDIT janethw3/views/default/index.html: -2
[2017-03-06 16:22:12] EDIT janethw3/views/default/index.html: 0
[2017-03-06 16:22:32] EDIT janethw3/views/default/index.html: 2
[2017-03-06 16:23:56] EDIT janethw3/static/css/main.css: 1
[2017-03-06 16:24:20] EDIT janethw3/static/css/main.css: 0
[2017-03-06 16:24:36] EDIT janethw3/static/css/main.css: 1
[2017-03-06 16:25:20] EDIT janethw3/static/css/main.css: 0
